<?xml version="1.0" encoding="UTF-8"?>
<testng-results ignored="19" total="20" passed="1" failed="0" skipped="0">
  <reporter-output>
  </reporter-output>
  <suite started-at="2022-09-01T12:49:18 IST" name="Default suite" finished-at="2022-09-01T12:50:00 IST" duration-ms="41862">
    <groups>
    </groups>
    <test started-at="2022-09-01T12:49:18 IST" name="Default test" finished-at="2022-09-01T12:50:00 IST" duration-ms="41862">
      <class name="com.vtechsolution.automationpractice.TestCases.TestCase_File3">
        <test-method is-config="true" signature="SetupChrome()[pri:0, instance:com.vtechsolution.automationpractice.TestCases.TestCase_File3@e350b40]" started-at="2022-09-01T12:49:18 IST" name="SetupChrome" finished-at="2022-09-01T12:49:39 IST" duration-ms="20741" status="PASS">
          <reporter-output>
          </reporter-output>
        </test-method> <!-- SetupChrome -->
        <test-method signature="clickonPrintedDressTextimg4_72()[pri:74, instance:com.vtechsolution.automationpractice.TestCases.TestCase_File3@e350b40]" started-at="2022-09-01T12:49:39 IST" name="clickonPrintedDressTextimg4_72" finished-at="2022-09-01T12:49:56 IST" duration-ms="17693" status="PASS">
          <reporter-output>
          </reporter-output>
        </test-method> <!-- clickonPrintedDressTextimg4_72 -->
        <test-method is-config="true" signature="CloseBrowser()[pri:0, instance:com.vtechsolution.automationpractice.TestCases.TestCase_File3@e350b40]" started-at="2022-09-01T12:49:56 IST" name="CloseBrowser" finished-at="2022-09-01T12:50:00 IST" duration-ms="3375" status="PASS">
          <reporter-output>
          </reporter-output>
        </test-method> <!-- CloseBrowser -->
      </class> <!-- com.vtechsolution.automationpractice.TestCases.TestCase_File3 -->
    </test> <!-- Default test -->
  </suite> <!-- Default suite -->
</testng-results>
