<?xml version="1.0" encoding="UTF-8"?>
<!-- Generated by org.testng.reporters.JUnitXMLReporter -->
<testsuite ignored="19" hostname="DESKTOP-I35D3F1" failures="0" tests="1" name="Default test" time="41.862" errors="0" timestamp="2022-09-01T12:50:00 IST">
  <testcase classname="com.vtechsolution.automationpractice.TestCases.TestCase_File3" name="clickonPrintedDressTextimg4_72" time="17.693"/>
  <testcase classname="com.vtechsolution.automationpractice.TestCases.TestCase_File3" name="verifyPrintedDressImg3_57" time="0.0">
    <ignored/>
  </testcase> <!-- verifyPrintedDressImg3_57 -->
  <testcase classname="com.vtechsolution.automationpractice.TestCases.TestCase_File3" name="verifyPrintedDressImg4_67" time="0.0">
    <ignored/>
  </testcase> <!-- verifyPrintedDressImg4_67 -->
  <testcase classname="com.vtechsolution.automationpractice.TestCases.TestCase_File3" name="clickonMoreImg3Link_66" time="0.0">
    <ignored/>
  </testcase> <!-- clickonMoreImg3Link_66 -->
  <testcase classname="com.vtechsolution.automationpractice.TestCases.TestCase_File3" name="verifyMoreImg3Link_65" time="0.0">
    <ignored/>
  </testcase> <!-- verifyMoreImg3Link_65 -->
  <testcase classname="com.vtechsolution.automationpractice.TestCases.TestCase_File3" name="clickonPrintedDressImg3_58" time="0.0">
    <ignored/>
  </testcase> <!-- clickonPrintedDressImg3_58 -->
  <testcase classname="com.vtechsolution.automationpractice.TestCases.TestCase_File3" name="verifyAddtocartImg3Link_63" time="0.0">
    <ignored/>
  </testcase> <!-- verifyAddtocartImg3Link_63 -->
  <testcase classname="com.vtechsolution.automationpractice.TestCases.TestCase_File3" name="verifyPrintedDressTextimg4_71" time="0.0">
    <ignored/>
  </testcase> <!-- verifyPrintedDressTextimg4_71 -->
  <testcase classname="com.vtechsolution.automationpractice.TestCases.TestCase_File3" name="clickonAddToCartimg3Link_64" time="0.0">
    <ignored/>
  </testcase> <!-- clickonAddToCartimg3Link_64 -->
  <testcase classname="com.vtechsolution.automationpractice.TestCases.TestCase_File3" name="clickonQuickViewimg4_70" time="0.0">
    <ignored/>
  </testcase> <!-- clickonQuickViewimg4_70 -->
  <testcase classname="com.vtechsolution.automationpractice.TestCases.TestCase_File3" name="verifyAddtocartImg4Link_73" time="0.0">
    <ignored/>
  </testcase> <!-- verifyAddtocartImg4Link_73 -->
  <testcase classname="com.vtechsolution.automationpractice.TestCases.TestCase_File3" name="verifyQuickViewimg3_59" time="0.0">
    <ignored/>
  </testcase> <!-- verifyQuickViewimg3_59 -->
  <testcase classname="com.vtechsolution.automationpractice.TestCases.TestCase_File3" name="clickonAddToCartimg4Link_74" time="0.0">
    <ignored/>
  </testcase> <!-- clickonAddToCartimg4Link_74 -->
  <testcase classname="com.vtechsolution.automationpractice.TestCases.TestCase_File3" name="clickonPrintedDressTextimg3_62" time="0.0">
    <ignored/>
  </testcase> <!-- clickonPrintedDressTextimg3_62 -->
  <testcase classname="com.vtechsolution.automationpractice.TestCases.TestCase_File3" name="clickonPrintedDressImg4_68" time="0.0">
    <ignored/>
  </testcase> <!-- clickonPrintedDressImg4_68 -->
  <testcase classname="com.vtechsolution.automationpractice.TestCases.TestCase_File3" name="clickonMoreImg4Link_76" time="0.0">
    <ignored/>
  </testcase> <!-- clickonMoreImg4Link_76 -->
  <testcase classname="com.vtechsolution.automationpractice.TestCases.TestCase_File3" name="verifyMoreImg4Link_75" time="0.0">
    <ignored/>
  </testcase> <!-- verifyMoreImg4Link_75 -->
  <testcase classname="com.vtechsolution.automationpractice.TestCases.TestCase_File3" name="clickonQuickViewimg3_60" time="0.0">
    <ignored/>
  </testcase> <!-- clickonQuickViewimg3_60 -->
  <testcase classname="com.vtechsolution.automationpractice.TestCases.TestCase_File3" name="verifyQuickViewimg4_69" time="0.0">
    <ignored/>
  </testcase> <!-- verifyQuickViewimg4_69 -->
  <testcase classname="com.vtechsolution.automationpractice.TestCases.TestCase_File3" name="verifyPrintedDressTextimg3_61" time="0.0">
    <ignored/>
  </testcase> <!-- verifyPrintedDressTextimg3_61 -->
</testsuite> <!-- Default test -->
